<?xml version="1.0" encoding="UTF-8"?>
<LAYER alias="MyLayer">
	<FIELD>
		<FIELDNAME>my_code</FIELDNAME>
		<NONEDITABLE/>
		<VALIDATIONRULE>MANDATORY</VALIDATIONRULE>
	</FIELD>
	<FIELD>
		<FIELDNAME>my_double</FIELDNAME>
		<VALIDATIONRULE>DOUBLE_POSITIVE</VALIDATIONRULE>
	</FIELD>
	<FIELD>
		<FIELDNAME>my_date</FIELDNAME>
		<VALIDATIONRULE>DATE</VALIDATIONRULE>
	</FIELD>
	<FIELD>
		<FIELDNAME>my_double_mandatory</FIELDNAME>
		<VALIDATIONRULE>MANDATORY</VALIDATIONRULE>
		<VALIDATIONRULE>DOUBLE_POSITIVE</VALIDATIONRULE>
	</FIELD>
	<FIELD>
		<FIELDNAME>my_date_mandatory</FIELDNAME>
		<VALIDATIONRULE>MANDATORY</VALIDATIONRULE>
		<VALIDATIONRULE>DATE</VALIDATIONRULE>
	</FIELD>
	<FIELD>
		<FIELDNAME>my_widget</FIELDNAME>
		<ENABLEIF>
			<COMPONENT>other_widget</COMPONENT>
			<VALUE>true</VALUE>
		</ENABLEIF>
	</FIELD>
</LAYER>